CRITICAL - 2022-04-12 12:27:03 --> Maximum execution time of 60 seconds exceeded
#0 [internal function]: CodeIgniter\Debug\Exceptions->shutdownHandler()
#1 {main}
CRITICAL - 2022-04-12 12:28:04 --> Maximum execution time of 60 seconds exceeded
#0 [internal function]: CodeIgniter\Debug\Exceptions->shutdownHandler()
#1 {main}
CRITICAL - 2022-04-12 12:31:23 --> Maximum execution time of 60 seconds exceeded
#0 [internal function]: CodeIgniter\Debug\Exceptions->shutdownHandler()
#1 {main}
CRITICAL - 2022-04-12 12:32:23 --> file_get_contents(https://www.googleapis.com/youtube/v3/search?part=snippet&amp;channelId=UCeJfiHw5K5kq3zDLJ-NR0jA&amp;maxResults=3&amp;order=date&amp;type=video&amp;key=AIzaSyAg57KPN5d5vGGKcYaBEHURoEFuhit4nno): failed to open stream: A connection attempt failed because the connected party did not properly respond after a period of time, or established connection failed because connected host has failed to respond.

#0 [internal function]: CodeIgniter\Debug\Exceptions->errorHandler(2, 'file_get_conten...', 'C:\\xampp\\htdocs...', 32, Array)
#1 C:\xampp\htdocs\websitesd\app\Controllers\Home.php(32): file_get_contents('https://www.goo...')
#2 C:\xampp\htdocs\websitesd\system\CodeIgniter.php(918): App\Controllers\Home->index()
#3 C:\xampp\htdocs\websitesd\system\CodeIgniter.php(404): CodeIgniter\CodeIgniter->runController(Object(App\Controllers\Home))
#4 C:\xampp\htdocs\websitesd\system\CodeIgniter.php(312): CodeIgniter\CodeIgniter->handleRequest(NULL, Object(Config\Cache), false)
#5 C:\xampp\htdocs\websitesd\public\index.php(44): CodeIgniter\CodeIgniter->run()
#6 {main}
CRITICAL - 2022-04-12 12:35:16 --> Maximum execution time of 60 seconds exceeded
#0 [internal function]: CodeIgniter\Debug\Exceptions->shutdownHandler()
#1 {main}
CRITICAL - 2022-04-12 12:40:19 --> Undefined variable: youtube
#0 C:\xampp\htdocs\websitesd\app\Views\home.php(158): CodeIgniter\Debug\Exceptions->errorHandler(8, 'Undefined varia...', 'C:\\xampp\\htdocs...', 158, Array)
#1 C:\xampp\htdocs\websitesd\system\View\View.php(246): include('C:\\xampp\\htdocs...')
#2 C:\xampp\htdocs\websitesd\system\Common.php(1119): CodeIgniter\View\View->render('home', Array, true)
#3 C:\xampp\htdocs\websitesd\app\Controllers\Home.php(36): view('home', Array)
#4 C:\xampp\htdocs\websitesd\system\CodeIgniter.php(918): App\Controllers\Home->index()
#5 C:\xampp\htdocs\websitesd\system\CodeIgniter.php(404): CodeIgniter\CodeIgniter->runController(Object(App\Controllers\Home))
#6 C:\xampp\htdocs\websitesd\system\CodeIgniter.php(312): CodeIgniter\CodeIgniter->handleRequest(NULL, Object(Config\Cache), false)
#7 C:\xampp\htdocs\websitesd\public\index.php(44): CodeIgniter\CodeIgniter->run()
#8 C:\xampp\htdocs\websitesd\system\Commands\Server\rewrite.php(34): require_once('C:\\xampp\\htdocs...')
#9 {main}
CRITICAL - 2022-04-12 12:41:09 --> Undefined variable: youtube
#0 C:\xampp\htdocs\websitesd\app\Views\home.php(157): CodeIgniter\Debug\Exceptions->errorHandler(8, 'Undefined varia...', 'C:\\xampp\\htdocs...', 157, Array)
#1 C:\xampp\htdocs\websitesd\system\View\View.php(246): include('C:\\xampp\\htdocs...')
#2 C:\xampp\htdocs\websitesd\system\Common.php(1119): CodeIgniter\View\View->render('home', Array, true)
#3 C:\xampp\htdocs\websitesd\app\Controllers\Home.php(36): view('home', Array)
#4 C:\xampp\htdocs\websitesd\system\CodeIgniter.php(918): App\Controllers\Home->index()
#5 C:\xampp\htdocs\websitesd\system\CodeIgniter.php(404): CodeIgniter\CodeIgniter->runController(Object(App\Controllers\Home))
#6 C:\xampp\htdocs\websitesd\system\CodeIgniter.php(312): CodeIgniter\CodeIgniter->handleRequest(NULL, Object(Config\Cache), false)
#7 C:\xampp\htdocs\websitesd\public\index.php(44): CodeIgniter\CodeIgniter->run()
#8 C:\xampp\htdocs\websitesd\system\Commands\Server\rewrite.php(34): require_once('C:\\xampp\\htdocs...')
#9 {main}
CRITICAL - 2022-04-12 12:45:14 --> Undefined offset: 0
#0 C:\xampp\htdocs\websitesd\app\Controllers\Home.php(67): CodeIgniter\Debug\Exceptions->errorHandler(8, 'Undefined offse...', 'C:\\xampp\\htdocs...', 67, Array)
#1 C:\xampp\htdocs\websitesd\system\CodeIgniter.php(918): App\Controllers\Home->detail('css', 'normalize.css')
#2 C:\xampp\htdocs\websitesd\system\CodeIgniter.php(404): CodeIgniter\CodeIgniter->runController(Object(App\Controllers\Home))
#3 C:\xampp\htdocs\websitesd\system\CodeIgniter.php(312): CodeIgniter\CodeIgniter->handleRequest(NULL, Object(Config\Cache), false)
#4 C:\xampp\htdocs\websitesd\public\index.php(44): CodeIgniter\CodeIgniter->run()
#5 C:\xampp\htdocs\websitesd\system\Commands\Server\rewrite.php(34): require_once('C:\\xampp\\htdocs...')
#6 {main}
CRITICAL - 2022-04-12 12:45:14 --> Undefined offset: 0
#0 C:\xampp\htdocs\websitesd\app\Controllers\Home.php(67): CodeIgniter\Debug\Exceptions->errorHandler(8, 'Undefined offse...', 'C:\\xampp\\htdocs...', 67, Array)
#1 C:\xampp\htdocs\websitesd\system\CodeIgniter.php(918): App\Controllers\Home->detail('css', 'style.css')
#2 C:\xampp\htdocs\websitesd\system\CodeIgniter.php(404): CodeIgniter\CodeIgniter->runController(Object(App\Controllers\Home))
#3 C:\xampp\htdocs\websitesd\system\CodeIgniter.php(312): CodeIgniter\CodeIgniter->handleRequest(NULL, Object(Config\Cache), false)
#4 C:\xampp\htdocs\websitesd\public\index.php(44): CodeIgniter\CodeIgniter->run()
#5 C:\xampp\htdocs\websitesd\system\Commands\Server\rewrite.php(34): require_once('C:\\xampp\\htdocs...')
#6 {main}
CRITICAL - 2022-04-12 12:45:14 --> Undefined offset: 0
#0 C:\xampp\htdocs\websitesd\app\Controllers\Home.php(67): CodeIgniter\Debug\Exceptions->errorHandler(8, 'Undefined offse...', 'C:\\xampp\\htdocs...', 67, Array)
#1 C:\xampp\htdocs\websitesd\system\CodeIgniter.php(918): App\Controllers\Home->detail('css', 'layout.css')
#2 C:\xampp\htdocs\websitesd\system\CodeIgniter.php(404): CodeIgniter\CodeIgniter->runController(Object(App\Controllers\Home))
#3 C:\xampp\htdocs\websitesd\system\CodeIgniter.php(312): CodeIgniter\CodeIgniter->handleRequest(NULL, Object(Config\Cache), false)
#4 C:\xampp\htdocs\websitesd\public\index.php(44): CodeIgniter\CodeIgniter->run()
#5 C:\xampp\htdocs\websitesd\system\Commands\Server\rewrite.php(34): require_once('C:\\xampp\\htdocs...')
#6 {main}
