CRITICAL - 2020-11-20 05:48:56 --> Unable to connect to the database.
#0 /home/suryaelidanto/websitesd/websiteSDWithCodeIgniter4.git/websitesd/system/Database/BaseConnection.php(646): CodeIgniter\Database\BaseConnection->initialize()
#1 /home/suryaelidanto/websitesd/websiteSDWithCodeIgniter4.git/websitesd/system/Database/BaseBuilder.php(1860): CodeIgniter\Database\BaseConnection->query('SELECT *\nFROM `...', Array, false)
#2 /home/suryaelidanto/websitesd/websiteSDWithCodeIgniter4.git/websitesd/app/Controllers/Home.php(18): CodeIgniter\Database\BaseBuilder->get()
#3 /home/suryaelidanto/websitesd/websiteSDWithCodeIgniter4.git/websitesd/system/CodeIgniter.php(918): App\Controllers\Home->index()
#4 /home/suryaelidanto/websitesd/websiteSDWithCodeIgniter4.git/websitesd/system/CodeIgniter.php(404): CodeIgniter\CodeIgniter->runController(Object(App\Controllers\Home))
#5 /home/suryaelidanto/websitesd/websiteSDWithCodeIgniter4.git/websitesd/system/CodeIgniter.php(312): CodeIgniter\CodeIgniter->handleRequest(NULL, Object(Config\Cache), false)
#6 /home/suryaelidanto/websitesd/websiteSDWithCodeIgniter4.git/websitesd/public/index.php(44): CodeIgniter\CodeIgniter->run()
#7 /home/suryaelidanto/websitesd/websiteSDWithCodeIgniter4.git/websitesd/system/Commands/Server/rewrite.php(34): require_once('/home/suryaelid...')
#8 {main}
CRITICAL - 2020-11-20 05:48:56 --> Uncaught ErrorException: print_r(): Property access is not allowed yet in /home/suryaelidanto/websitesd/websiteSDWithCodeIgniter4.git/websitesd/app/Views/errors/html/error_exception.php:100
Stack trace:
#0 [internal function]: CodeIgniter\Debug\Exceptions->errorHandler(2, 'print_r(): Prop...', '/home/suryaelid...', 100, Array)
#1 /home/suryaelidanto/websitesd/websiteSDWithCodeIgniter4.git/websitesd/app/Views/errors/html/error_exception.php(100): print_r(Object(App\Controllers\Home), true)
#2 /home/suryaelidanto/websitesd/websiteSDWithCodeIgniter4.git/websitesd/system/Debug/Exceptions.php(308): include('/home/suryaelid...')
#3 /home/suryaelidanto/websitesd/websiteSDWithCodeIgniter4.git/websitesd/system/Debug/Exceptions.php(174): CodeIgniter\Debug\Exceptions->render(Object(CodeIgniter\Database\Exceptions\DatabaseException), 500)
#4 [internal function]: CodeIgniter\Debug\Exceptions->exceptionHandler(Object(CodeIgniter\Database\Exceptions\DatabaseException))
#5 {main}
  thrown
#0 [internal function]: CodeIgniter\Debug\Exceptions->shutdownHandler()
#1 {main}
CRITICAL - 2020-11-20 06:50:49 --> syntax error, unexpected 'jpg' (T_STRING), expecting ',' or ';'
#0 /home/suryaelidanto/websitesd/websiteSDWithCodeIgniter4.git/websitesd/system/Common.php(1119): CodeIgniter\View\View->render('profilkaryawan', Array, true)
#1 /home/suryaelidanto/websitesd/websiteSDWithCodeIgniter4.git/websitesd/app/Controllers/Home.php(85): view('profilkaryawan', Array)
#2 /home/suryaelidanto/websitesd/websiteSDWithCodeIgniter4.git/websitesd/system/CodeIgniter.php(918): App\Controllers\Home->profilkaryawan()
#3 /home/suryaelidanto/websitesd/websiteSDWithCodeIgniter4.git/websitesd/system/CodeIgniter.php(404): CodeIgniter\CodeIgniter->runController(Object(App\Controllers\Home))
#4 /home/suryaelidanto/websitesd/websiteSDWithCodeIgniter4.git/websitesd/system/CodeIgniter.php(312): CodeIgniter\CodeIgniter->handleRequest(NULL, Object(Config\Cache), false)
#5 /home/suryaelidanto/websitesd/websiteSDWithCodeIgniter4.git/websitesd/public/index.php(44): CodeIgniter\CodeIgniter->run()
#6 /home/suryaelidanto/websitesd/websiteSDWithCodeIgniter4.git/websitesd/system/Commands/Server/rewrite.php(34): require_once('/home/suryaelid...')
#7 {main}
CRITICAL - 2020-11-20 07:32:05 --> Undefined offset: 0
#0 /home/suryaelidanto/websitesd/websiteSDWithCodeIgniter4.git/websitesd/app/Controllers/Home.php(62): CodeIgniter\Debug\Exceptions->errorHandler(8, 'Undefined offse...', '/home/suryaelid...', 62, Array)
#1 /home/suryaelidanto/websitesd/websiteSDWithCodeIgniter4.git/websitesd/system/CodeIgniter.php(918): App\Controllers\Home->detail('css', 'normalize.css')
#2 /home/suryaelidanto/websitesd/websiteSDWithCodeIgniter4.git/websitesd/system/CodeIgniter.php(404): CodeIgniter\CodeIgniter->runController(Object(App\Controllers\Home))
#3 /home/suryaelidanto/websitesd/websiteSDWithCodeIgniter4.git/websitesd/system/CodeIgniter.php(312): CodeIgniter\CodeIgniter->handleRequest(NULL, Object(Config\Cache), false)
#4 /home/suryaelidanto/websitesd/websiteSDWithCodeIgniter4.git/websitesd/public/index.php(44): CodeIgniter\CodeIgniter->run()
#5 /home/suryaelidanto/websitesd/websiteSDWithCodeIgniter4.git/websitesd/system/Commands/Server/rewrite.php(34): require_once('/home/suryaelid...')
#6 {main}
CRITICAL - 2020-11-20 07:32:05 --> Undefined offset: 0
#0 /home/suryaelidanto/websitesd/websiteSDWithCodeIgniter4.git/websitesd/app/Controllers/Home.php(62): CodeIgniter\Debug\Exceptions->errorHandler(8, 'Undefined offse...', '/home/suryaelid...', 62, Array)
#1 /home/suryaelidanto/websitesd/websiteSDWithCodeIgniter4.git/websitesd/system/CodeIgniter.php(918): App\Controllers\Home->detail('css', 'style.css')
#2 /home/suryaelidanto/websitesd/websiteSDWithCodeIgniter4.git/websitesd/system/CodeIgniter.php(404): CodeIgniter\CodeIgniter->runController(Object(App\Controllers\Home))
#3 /home/suryaelidanto/websitesd/websiteSDWithCodeIgniter4.git/websitesd/system/CodeIgniter.php(312): CodeIgniter\CodeIgniter->handleRequest(NULL, Object(Config\Cache), false)
#4 /home/suryaelidanto/websitesd/websiteSDWithCodeIgniter4.git/websitesd/public/index.php(44): CodeIgniter\CodeIgniter->run()
#5 /home/suryaelidanto/websitesd/websiteSDWithCodeIgniter4.git/websitesd/system/Commands/Server/rewrite.php(34): require_once('/home/suryaelid...')
#6 {main}
CRITICAL - 2020-11-20 07:32:05 --> Undefined offset: 0
#0 /home/suryaelidanto/websitesd/websiteSDWithCodeIgniter4.git/websitesd/app/Controllers/Home.php(62): CodeIgniter\Debug\Exceptions->errorHandler(8, 'Undefined offse...', '/home/suryaelid...', 62, Array)
#1 /home/suryaelidanto/websitesd/websiteSDWithCodeIgniter4.git/websitesd/system/CodeIgniter.php(918): App\Controllers\Home->detail('css', 'layout.css')
#2 /home/suryaelidanto/websitesd/websiteSDWithCodeIgniter4.git/websitesd/system/CodeIgniter.php(404): CodeIgniter\CodeIgniter->runController(Object(App\Controllers\Home))
#3 /home/suryaelidanto/websitesd/websiteSDWithCodeIgniter4.git/websitesd/system/CodeIgniter.php(312): CodeIgniter\CodeIgniter->handleRequest(NULL, Object(Config\Cache), false)
#4 /home/suryaelidanto/websitesd/websiteSDWithCodeIgniter4.git/websitesd/public/index.php(44): CodeIgniter\CodeIgniter->run()
#5 /home/suryaelidanto/websitesd/websiteSDWithCodeIgniter4.git/websitesd/system/Commands/Server/rewrite.php(34): require_once('/home/suryaelid...')
#6 {main}
CRITICAL - 2020-11-20 07:33:17 --> Undefined offset: 0
#0 /home/suryaelidanto/websitesd/websiteSDWithCodeIgniter4.git/websitesd/app/Controllers/Home.php(62): CodeIgniter\Debug\Exceptions->errorHandler(8, 'Undefined offse...', '/home/suryaelid...', 62, Array)
#1 /home/suryaelidanto/websitesd/websiteSDWithCodeIgniter4.git/websitesd/system/CodeIgniter.php(918): App\Controllers\Home->detail('css', 'normalize.css')
#2 /home/suryaelidanto/websitesd/websiteSDWithCodeIgniter4.git/websitesd/system/CodeIgniter.php(404): CodeIgniter\CodeIgniter->runController(Object(App\Controllers\Home))
#3 /home/suryaelidanto/websitesd/websiteSDWithCodeIgniter4.git/websitesd/system/CodeIgniter.php(312): CodeIgniter\CodeIgniter->handleRequest(NULL, Object(Config\Cache), false)
#4 /home/suryaelidanto/websitesd/websiteSDWithCodeIgniter4.git/websitesd/public/index.php(44): CodeIgniter\CodeIgniter->run()
#5 /home/suryaelidanto/websitesd/websiteSDWithCodeIgniter4.git/websitesd/system/Commands/Server/rewrite.php(34): require_once('/home/suryaelid...')
#6 {main}
CRITICAL - 2020-11-20 07:33:17 --> Undefined offset: 0
#0 /home/suryaelidanto/websitesd/websiteSDWithCodeIgniter4.git/websitesd/app/Controllers/Home.php(62): CodeIgniter\Debug\Exceptions->errorHandler(8, 'Undefined offse...', '/home/suryaelid...', 62, Array)
#1 /home/suryaelidanto/websitesd/websiteSDWithCodeIgniter4.git/websitesd/system/CodeIgniter.php(918): App\Controllers\Home->detail('css', 'style.css')
#2 /home/suryaelidanto/websitesd/websiteSDWithCodeIgniter4.git/websitesd/system/CodeIgniter.php(404): CodeIgniter\CodeIgniter->runController(Object(App\Controllers\Home))
#3 /home/suryaelidanto/websitesd/websiteSDWithCodeIgniter4.git/websitesd/system/CodeIgniter.php(312): CodeIgniter\CodeIgniter->handleRequest(NULL, Object(Config\Cache), false)
#4 /home/suryaelidanto/websitesd/websiteSDWithCodeIgniter4.git/websitesd/public/index.php(44): CodeIgniter\CodeIgniter->run()
#5 /home/suryaelidanto/websitesd/websiteSDWithCodeIgniter4.git/websitesd/system/Commands/Server/rewrite.php(34): require_once('/home/suryaelid...')
#6 {main}
CRITICAL - 2020-11-20 07:33:17 --> Undefined offset: 0
#0 /home/suryaelidanto/websitesd/websiteSDWithCodeIgniter4.git/websitesd/app/Controllers/Home.php(62): CodeIgniter\Debug\Exceptions->errorHandler(8, 'Undefined offse...', '/home/suryaelid...', 62, Array)
#1 /home/suryaelidanto/websitesd/websiteSDWithCodeIgniter4.git/websitesd/system/CodeIgniter.php(918): App\Controllers\Home->detail('css', 'layout.css')
#2 /home/suryaelidanto/websitesd/websiteSDWithCodeIgniter4.git/websitesd/system/CodeIgniter.php(404): CodeIgniter\CodeIgniter->runController(Object(App\Controllers\Home))
#3 /home/suryaelidanto/websitesd/websiteSDWithCodeIgniter4.git/websitesd/system/CodeIgniter.php(312): CodeIgniter\CodeIgniter->handleRequest(NULL, Object(Config\Cache), false)
#4 /home/suryaelidanto/websitesd/websiteSDWithCodeIgniter4.git/websitesd/public/index.php(44): CodeIgniter\CodeIgniter->run()
#5 /home/suryaelidanto/websitesd/websiteSDWithCodeIgniter4.git/websitesd/system/Commands/Server/rewrite.php(34): require_once('/home/suryaelid...')
#6 {main}
CRITICAL - 2020-11-20 07:33:18 --> Undefined offset: 0
#0 /home/suryaelidanto/websitesd/websiteSDWithCodeIgniter4.git/websitesd/app/Controllers/Home.php(62): CodeIgniter\Debug\Exceptions->errorHandler(8, 'Undefined offse...', '/home/suryaelid...', 62, Array)
#1 /home/suryaelidanto/websitesd/websiteSDWithCodeIgniter4.git/websitesd/system/CodeIgniter.php(918): App\Controllers\Home->detail('css', 'normalize.css')
#2 /home/suryaelidanto/websitesd/websiteSDWithCodeIgniter4.git/websitesd/system/CodeIgniter.php(404): CodeIgniter\CodeIgniter->runController(Object(App\Controllers\Home))
#3 /home/suryaelidanto/websitesd/websiteSDWithCodeIgniter4.git/websitesd/system/CodeIgniter.php(312): CodeIgniter\CodeIgniter->handleRequest(NULL, Object(Config\Cache), false)
#4 /home/suryaelidanto/websitesd/websiteSDWithCodeIgniter4.git/websitesd/public/index.php(44): CodeIgniter\CodeIgniter->run()
#5 /home/suryaelidanto/websitesd/websiteSDWithCodeIgniter4.git/websitesd/system/Commands/Server/rewrite.php(34): require_once('/home/suryaelid...')
#6 {main}
CRITICAL - 2020-11-20 07:33:18 --> Undefined offset: 0
#0 /home/suryaelidanto/websitesd/websiteSDWithCodeIgniter4.git/websitesd/app/Controllers/Home.php(62): CodeIgniter\Debug\Exceptions->errorHandler(8, 'Undefined offse...', '/home/suryaelid...', 62, Array)
#1 /home/suryaelidanto/websitesd/websiteSDWithCodeIgniter4.git/websitesd/system/CodeIgniter.php(918): App\Controllers\Home->detail('css', 'style.css')
#2 /home/suryaelidanto/websitesd/websiteSDWithCodeIgniter4.git/websitesd/system/CodeIgniter.php(404): CodeIgniter\CodeIgniter->runController(Object(App\Controllers\Home))
#3 /home/suryaelidanto/websitesd/websiteSDWithCodeIgniter4.git/websitesd/system/CodeIgniter.php(312): CodeIgniter\CodeIgniter->handleRequest(NULL, Object(Config\Cache), false)
#4 /home/suryaelidanto/websitesd/websiteSDWithCodeIgniter4.git/websitesd/public/index.php(44): CodeIgniter\CodeIgniter->run()
#5 /home/suryaelidanto/websitesd/websiteSDWithCodeIgniter4.git/websitesd/system/Commands/Server/rewrite.php(34): require_once('/home/suryaelid...')
#6 {main}
