CRITICAL - 2020-11-17 06:38:10 --> syntax error, unexpected 'view' (T_STRING)
#0 /home/suryaelidanto/websitesd/websiteSDWithCodeIgniter4.git/websitesd/system/Autoloader/Autoloader.php(296): CodeIgniter\Autoloader\Autoloader->requireFile('/home/suryaelid...')
#1 /home/suryaelidanto/websitesd/websiteSDWithCodeIgniter4.git/websitesd/system/Autoloader/Autoloader.php(258): CodeIgniter\Autoloader\Autoloader->loadInNamespace('App\\Controllers...')
#2 [internal function]: CodeIgniter\Autoloader\Autoloader->loadClass('App\\Controllers...')
#3 [internal function]: spl_autoload_call('App\\Controllers...')
#4 /home/suryaelidanto/websitesd/websiteSDWithCodeIgniter4.git/websitesd/system/CodeIgniter.php(869): class_exists('\\App\\Controller...', true)
#5 /home/suryaelidanto/websitesd/websiteSDWithCodeIgniter4.git/websitesd/system/CodeIgniter.php(394): CodeIgniter\CodeIgniter->startController()
#6 /home/suryaelidanto/websitesd/websiteSDWithCodeIgniter4.git/websitesd/system/CodeIgniter.php(312): CodeIgniter\CodeIgniter->handleRequest(NULL, Object(Config\Cache), false)
#7 /home/suryaelidanto/websitesd/websiteSDWithCodeIgniter4.git/websitesd/public/index.php(44): CodeIgniter\CodeIgniter->run()
#8 /home/suryaelidanto/websitesd/websiteSDWithCodeIgniter4.git/websitesd/system/Commands/Server/rewrite.php(34): require_once('/home/suryaelid...')
#9 {main}
CRITICAL - 2020-11-17 06:38:15 --> syntax error, unexpected 'view' (T_STRING)
#0 /home/suryaelidanto/websitesd/websiteSDWithCodeIgniter4.git/websitesd/system/Autoloader/Autoloader.php(296): CodeIgniter\Autoloader\Autoloader->requireFile('/home/suryaelid...')
#1 /home/suryaelidanto/websitesd/websiteSDWithCodeIgniter4.git/websitesd/system/Autoloader/Autoloader.php(258): CodeIgniter\Autoloader\Autoloader->loadInNamespace('App\\Controllers...')
#2 [internal function]: CodeIgniter\Autoloader\Autoloader->loadClass('App\\Controllers...')
#3 [internal function]: spl_autoload_call('App\\Controllers...')
#4 /home/suryaelidanto/websitesd/websiteSDWithCodeIgniter4.git/websitesd/system/CodeIgniter.php(869): class_exists('\\App\\Controller...', true)
#5 /home/suryaelidanto/websitesd/websiteSDWithCodeIgniter4.git/websitesd/system/CodeIgniter.php(394): CodeIgniter\CodeIgniter->startController()
#6 /home/suryaelidanto/websitesd/websiteSDWithCodeIgniter4.git/websitesd/system/CodeIgniter.php(312): CodeIgniter\CodeIgniter->handleRequest(NULL, Object(Config\Cache), false)
#7 /home/suryaelidanto/websitesd/websiteSDWithCodeIgniter4.git/websitesd/public/index.php(44): CodeIgniter\CodeIgniter->run()
#8 /home/suryaelidanto/websitesd/websiteSDWithCodeIgniter4.git/websitesd/system/Commands/Server/rewrite.php(34): require_once('/home/suryaelid...')
#9 {main}
CRITICAL - 2020-11-17 06:42:53 --> Undefined variable: model
#0 /home/suryaelidanto/websitesd/websiteSDWithCodeIgniter4.git/websitesd/app/Controllers/Home.php(18): CodeIgniter\Debug\Exceptions->errorHandler(8, 'Undefined varia...', '/home/suryaelid...', 18, Array)
#1 /home/suryaelidanto/websitesd/websiteSDWithCodeIgniter4.git/websitesd/system/CodeIgniter.php(918): App\Controllers\Home->index()
#2 /home/suryaelidanto/websitesd/websiteSDWithCodeIgniter4.git/websitesd/system/CodeIgniter.php(404): CodeIgniter\CodeIgniter->runController(Object(App\Controllers\Home))
#3 /home/suryaelidanto/websitesd/websiteSDWithCodeIgniter4.git/websitesd/system/CodeIgniter.php(312): CodeIgniter\CodeIgniter->handleRequest(NULL, Object(Config\Cache), false)
#4 /home/suryaelidanto/websitesd/websiteSDWithCodeIgniter4.git/websitesd/public/index.php(44): CodeIgniter\CodeIgniter->run()
#5 /home/suryaelidanto/websitesd/websiteSDWithCodeIgniter4.git/websitesd/system/Commands/Server/rewrite.php(34): require_once('/home/suryaelid...')
#6 {main}
CRITICAL - 2020-11-17 06:51:43 --> Array to string conversion
#0 /home/suryaelidanto/websitesd/websiteSDWithCodeIgniter4.git/websitesd/app/Views/home.php(72): CodeIgniter\Debug\Exceptions->errorHandler(8, 'Array to string...', '/home/suryaelid...', 72, Array)
#1 /home/suryaelidanto/websitesd/websiteSDWithCodeIgniter4.git/websitesd/system/View/View.php(246): include('/home/suryaelid...')
#2 /home/suryaelidanto/websitesd/websiteSDWithCodeIgniter4.git/websitesd/system/Common.php(1119): CodeIgniter\View\View->render('home', Array, true)
#3 /home/suryaelidanto/websitesd/websiteSDWithCodeIgniter4.git/websitesd/app/Controllers/Home.php(20): view('home', Array)
#4 /home/suryaelidanto/websitesd/websiteSDWithCodeIgniter4.git/websitesd/system/CodeIgniter.php(918): App\Controllers\Home->index()
#5 /home/suryaelidanto/websitesd/websiteSDWithCodeIgniter4.git/websitesd/system/CodeIgniter.php(404): CodeIgniter\CodeIgniter->runController(Object(App\Controllers\Home))
#6 /home/suryaelidanto/websitesd/websiteSDWithCodeIgniter4.git/websitesd/system/CodeIgniter.php(312): CodeIgniter\CodeIgniter->handleRequest(NULL, Object(Config\Cache), false)
#7 /home/suryaelidanto/websitesd/websiteSDWithCodeIgniter4.git/websitesd/public/index.php(44): CodeIgniter\CodeIgniter->run()
#8 /home/suryaelidanto/websitesd/websiteSDWithCodeIgniter4.git/websitesd/system/Commands/Server/rewrite.php(34): require_once('/home/suryaelid...')
#9 {main}
CRITICAL - 2020-11-17 07:04:40 --> syntax error, unexpected 'echo' (T_ECHO), expecting ',' or ';'
#0 /home/suryaelidanto/websitesd/websiteSDWithCodeIgniter4.git/websitesd/system/Common.php(1119): CodeIgniter\View\View->render('home', Array, true)
#1 /home/suryaelidanto/websitesd/websiteSDWithCodeIgniter4.git/websitesd/app/Controllers/Home.php(20): view('home', Array)
#2 /home/suryaelidanto/websitesd/websiteSDWithCodeIgniter4.git/websitesd/system/CodeIgniter.php(918): App\Controllers\Home->index()
#3 /home/suryaelidanto/websitesd/websiteSDWithCodeIgniter4.git/websitesd/system/CodeIgniter.php(404): CodeIgniter\CodeIgniter->runController(Object(App\Controllers\Home))
#4 /home/suryaelidanto/websitesd/websiteSDWithCodeIgniter4.git/websitesd/system/CodeIgniter.php(312): CodeIgniter\CodeIgniter->handleRequest(NULL, Object(Config\Cache), false)
#5 /home/suryaelidanto/websitesd/websiteSDWithCodeIgniter4.git/websitesd/public/index.php(44): CodeIgniter\CodeIgniter->run()
#6 /home/suryaelidanto/websitesd/websiteSDWithCodeIgniter4.git/websitesd/system/Commands/Server/rewrite.php(34): require_once('/home/suryaelid...')
#7 {main}
