CRITICAL - 2020-11-18 00:06:20 --> Cannot use object of type stdClass as array
#0 /home/suryaelidanto/websitesd/websiteSDWithCodeIgniter4.git/websitesd/system/CodeIgniter.php(918): App\Controllers\Home->index()
#1 /home/suryaelidanto/websitesd/websiteSDWithCodeIgniter4.git/websitesd/system/CodeIgniter.php(404): CodeIgniter\CodeIgniter->runController(Object(App\Controllers\Home))
#2 /home/suryaelidanto/websitesd/websiteSDWithCodeIgniter4.git/websitesd/system/CodeIgniter.php(312): CodeIgniter\CodeIgniter->handleRequest(NULL, Object(Config\Cache), false)
#3 /home/suryaelidanto/websitesd/websiteSDWithCodeIgniter4.git/websitesd/public/index.php(44): CodeIgniter\CodeIgniter->run()
#4 /home/suryaelidanto/websitesd/websiteSDWithCodeIgniter4.git/websitesd/system/Commands/Server/rewrite.php(34): require_once('/home/suryaelid...')
#5 {main}
CRITICAL - 2020-11-18 00:07:47 --> Cannot use [] for reading
#0 [internal function]: CodeIgniter\Debug\Exceptions->shutdownHandler()
#1 {main}
CRITICAL - 2020-11-18 00:09:23 --> Cannot use object of type stdClass as array
#0 /home/suryaelidanto/websitesd/websiteSDWithCodeIgniter4.git/websitesd/system/CodeIgniter.php(918): App\Controllers\Home->index()
#1 /home/suryaelidanto/websitesd/websiteSDWithCodeIgniter4.git/websitesd/system/CodeIgniter.php(404): CodeIgniter\CodeIgniter->runController(Object(App\Controllers\Home))
#2 /home/suryaelidanto/websitesd/websiteSDWithCodeIgniter4.git/websitesd/system/CodeIgniter.php(312): CodeIgniter\CodeIgniter->handleRequest(NULL, Object(Config\Cache), false)
#3 /home/suryaelidanto/websitesd/websiteSDWithCodeIgniter4.git/websitesd/public/index.php(44): CodeIgniter\CodeIgniter->run()
#4 /home/suryaelidanto/websitesd/websiteSDWithCodeIgniter4.git/websitesd/system/Commands/Server/rewrite.php(34): require_once('/home/suryaelid...')
#5 {main}
CRITICAL - 2020-11-18 00:09:29 --> Cannot use object of type stdClass as array
#0 /home/suryaelidanto/websitesd/websiteSDWithCodeIgniter4.git/websitesd/system/CodeIgniter.php(918): App\Controllers\Home->index()
#1 /home/suryaelidanto/websitesd/websiteSDWithCodeIgniter4.git/websitesd/system/CodeIgniter.php(404): CodeIgniter\CodeIgniter->runController(Object(App\Controllers\Home))
#2 /home/suryaelidanto/websitesd/websiteSDWithCodeIgniter4.git/websitesd/system/CodeIgniter.php(312): CodeIgniter\CodeIgniter->handleRequest(NULL, Object(Config\Cache), false)
#3 /home/suryaelidanto/websitesd/websiteSDWithCodeIgniter4.git/websitesd/public/index.php(44): CodeIgniter\CodeIgniter->run()
#4 /home/suryaelidanto/websitesd/websiteSDWithCodeIgniter4.git/websitesd/system/Commands/Server/rewrite.php(34): require_once('/home/suryaelid...')
#5 {main}
CRITICAL - 2020-11-18 00:10:44 --> Cannot use object of type stdClass as array
#0 /home/suryaelidanto/websitesd/websiteSDWithCodeIgniter4.git/websitesd/system/CodeIgniter.php(918): App\Controllers\Home->index()
#1 /home/suryaelidanto/websitesd/websiteSDWithCodeIgniter4.git/websitesd/system/CodeIgniter.php(404): CodeIgniter\CodeIgniter->runController(Object(App\Controllers\Home))
#2 /home/suryaelidanto/websitesd/websiteSDWithCodeIgniter4.git/websitesd/system/CodeIgniter.php(312): CodeIgniter\CodeIgniter->handleRequest(NULL, Object(Config\Cache), false)
#3 /home/suryaelidanto/websitesd/websiteSDWithCodeIgniter4.git/websitesd/public/index.php(44): CodeIgniter\CodeIgniter->run()
#4 /home/suryaelidanto/websitesd/websiteSDWithCodeIgniter4.git/websitesd/system/Commands/Server/rewrite.php(34): require_once('/home/suryaelid...')
#5 {main}
CRITICAL - 2020-11-18 00:11:36 --> Array to string conversion
#0 /home/suryaelidanto/websitesd/websiteSDWithCodeIgniter4.git/websitesd/app/Controllers/Home.php(24): CodeIgniter\Debug\Exceptions->errorHandler(8, 'Array to string...', '/home/suryaelid...', 24, Array)
#1 /home/suryaelidanto/websitesd/websiteSDWithCodeIgniter4.git/websitesd/system/CodeIgniter.php(918): App\Controllers\Home->index()
#2 /home/suryaelidanto/websitesd/websiteSDWithCodeIgniter4.git/websitesd/system/CodeIgniter.php(404): CodeIgniter\CodeIgniter->runController(Object(App\Controllers\Home))
#3 /home/suryaelidanto/websitesd/websiteSDWithCodeIgniter4.git/websitesd/system/CodeIgniter.php(312): CodeIgniter\CodeIgniter->handleRequest(NULL, Object(Config\Cache), false)
#4 /home/suryaelidanto/websitesd/websiteSDWithCodeIgniter4.git/websitesd/public/index.php(44): CodeIgniter\CodeIgniter->run()
#5 /home/suryaelidanto/websitesd/websiteSDWithCodeIgniter4.git/websitesd/system/Commands/Server/rewrite.php(34): require_once('/home/suryaelid...')
#6 {main}
CRITICAL - 2020-11-18 00:11:43 --> syntax error, unexpected 'as' (T_AS), expecting variable (T_VARIABLE) or '{' or '$'
#0 /home/suryaelidanto/websitesd/websiteSDWithCodeIgniter4.git/websitesd/system/Common.php(1119): CodeIgniter\View\View->render('home', Array, true)
#1 /home/suryaelidanto/websitesd/websiteSDWithCodeIgniter4.git/websitesd/app/Controllers/Home.php(25): view('home', Array)
#2 /home/suryaelidanto/websitesd/websiteSDWithCodeIgniter4.git/websitesd/system/CodeIgniter.php(918): App\Controllers\Home->index()
#3 /home/suryaelidanto/websitesd/websiteSDWithCodeIgniter4.git/websitesd/system/CodeIgniter.php(404): CodeIgniter\CodeIgniter->runController(Object(App\Controllers\Home))
#4 /home/suryaelidanto/websitesd/websiteSDWithCodeIgniter4.git/websitesd/system/CodeIgniter.php(312): CodeIgniter\CodeIgniter->handleRequest(NULL, Object(Config\Cache), false)
#5 /home/suryaelidanto/websitesd/websiteSDWithCodeIgniter4.git/websitesd/public/index.php(44): CodeIgniter\CodeIgniter->run()
#6 /home/suryaelidanto/websitesd/websiteSDWithCodeIgniter4.git/websitesd/system/Commands/Server/rewrite.php(34): require_once('/home/suryaelid...')
#7 {main}
CRITICAL - 2020-11-18 00:13:26 --> Undefined offset: 0
#0 /home/suryaelidanto/websitesd/websiteSDWithCodeIgniter4.git/websitesd/app/Views/home.php(162): CodeIgniter\Debug\Exceptions->errorHandler(8, 'Undefined offse...', '/home/suryaelid...', 162, Array)
#1 /home/suryaelidanto/websitesd/websiteSDWithCodeIgniter4.git/websitesd/system/View/View.php(246): include('/home/suryaelid...')
#2 /home/suryaelidanto/websitesd/websiteSDWithCodeIgniter4.git/websitesd/system/Common.php(1119): CodeIgniter\View\View->render('home', Array, true)
#3 /home/suryaelidanto/websitesd/websiteSDWithCodeIgniter4.git/websitesd/app/Controllers/Home.php(25): view('home', Array)
#4 /home/suryaelidanto/websitesd/websiteSDWithCodeIgniter4.git/websitesd/system/CodeIgniter.php(918): App\Controllers\Home->index()
#5 /home/suryaelidanto/websitesd/websiteSDWithCodeIgniter4.git/websitesd/system/CodeIgniter.php(404): CodeIgniter\CodeIgniter->runController(Object(App\Controllers\Home))
#6 /home/suryaelidanto/websitesd/websiteSDWithCodeIgniter4.git/websitesd/system/CodeIgniter.php(312): CodeIgniter\CodeIgniter->handleRequest(NULL, Object(Config\Cache), false)
#7 /home/suryaelidanto/websitesd/websiteSDWithCodeIgniter4.git/websitesd/public/index.php(44): CodeIgniter\CodeIgniter->run()
#8 /home/suryaelidanto/websitesd/websiteSDWithCodeIgniter4.git/websitesd/system/Commands/Server/rewrite.php(34): require_once('/home/suryaelid...')
#9 {main}
CRITICAL - 2020-11-18 00:16:15 --> Undefined variable: y
#0 /home/suryaelidanto/websitesd/websiteSDWithCodeIgniter4.git/websitesd/app/Views/home.php(161): CodeIgniter\Debug\Exceptions->errorHandler(8, 'Undefined varia...', '/home/suryaelid...', 161, Array)
#1 /home/suryaelidanto/websitesd/websiteSDWithCodeIgniter4.git/websitesd/system/View/View.php(246): include('/home/suryaelid...')
#2 /home/suryaelidanto/websitesd/websiteSDWithCodeIgniter4.git/websitesd/system/Common.php(1119): CodeIgniter\View\View->render('home', Array, true)
#3 /home/suryaelidanto/websitesd/websiteSDWithCodeIgniter4.git/websitesd/app/Controllers/Home.php(25): view('home', Array)
#4 /home/suryaelidanto/websitesd/websiteSDWithCodeIgniter4.git/websitesd/system/CodeIgniter.php(918): App\Controllers\Home->index()
#5 /home/suryaelidanto/websitesd/websiteSDWithCodeIgniter4.git/websitesd/system/CodeIgniter.php(404): CodeIgniter\CodeIgniter->runController(Object(App\Controllers\Home))
#6 /home/suryaelidanto/websitesd/websiteSDWithCodeIgniter4.git/websitesd/system/CodeIgniter.php(312): CodeIgniter\CodeIgniter->handleRequest(NULL, Object(Config\Cache), false)
#7 /home/suryaelidanto/websitesd/websiteSDWithCodeIgniter4.git/websitesd/public/index.php(44): CodeIgniter\CodeIgniter->run()
#8 /home/suryaelidanto/websitesd/websiteSDWithCodeIgniter4.git/websitesd/system/Commands/Server/rewrite.php(34): require_once('/home/suryaelid...')
#9 {main}
CRITICAL - 2020-11-18 00:27:31 --> Undefined index: publishTime
#0 /home/suryaelidanto/websitesd/websiteSDWithCodeIgniter4.git/websitesd/app/Views/home.php(163): CodeIgniter\Debug\Exceptions->errorHandler(8, 'Undefined index...', '/home/suryaelid...', 163, Array)
#1 /home/suryaelidanto/websitesd/websiteSDWithCodeIgniter4.git/websitesd/system/View/View.php(246): include('/home/suryaelid...')
#2 /home/suryaelidanto/websitesd/websiteSDWithCodeIgniter4.git/websitesd/system/Common.php(1119): CodeIgniter\View\View->render('home', Array, true)
#3 /home/suryaelidanto/websitesd/websiteSDWithCodeIgniter4.git/websitesd/app/Controllers/Home.php(25): view('home', Array)
#4 /home/suryaelidanto/websitesd/websiteSDWithCodeIgniter4.git/websitesd/system/CodeIgniter.php(918): App\Controllers\Home->index()
#5 /home/suryaelidanto/websitesd/websiteSDWithCodeIgniter4.git/websitesd/system/CodeIgniter.php(404): CodeIgniter\CodeIgniter->runController(Object(App\Controllers\Home))
#6 /home/suryaelidanto/websitesd/websiteSDWithCodeIgniter4.git/websitesd/system/CodeIgniter.php(312): CodeIgniter\CodeIgniter->handleRequest(NULL, Object(Config\Cache), false)
#7 /home/suryaelidanto/websitesd/websiteSDWithCodeIgniter4.git/websitesd/public/index.php(44): CodeIgniter\CodeIgniter->run()
#8 /home/suryaelidanto/websitesd/websiteSDWithCodeIgniter4.git/websitesd/system/Commands/Server/rewrite.php(34): require_once('/home/suryaelid...')
#9 {main}
CRITICAL - 2020-11-18 00:28:09 --> Undefined index: publishTime
#0 /home/suryaelidanto/websitesd/websiteSDWithCodeIgniter4.git/websitesd/app/Views/home.php(163): CodeIgniter\Debug\Exceptions->errorHandler(8, 'Undefined index...', '/home/suryaelid...', 163, Array)
#1 /home/suryaelidanto/websitesd/websiteSDWithCodeIgniter4.git/websitesd/system/View/View.php(246): include('/home/suryaelid...')
#2 /home/suryaelidanto/websitesd/websiteSDWithCodeIgniter4.git/websitesd/system/Common.php(1119): CodeIgniter\View\View->render('home', Array, true)
#3 /home/suryaelidanto/websitesd/websiteSDWithCodeIgniter4.git/websitesd/app/Controllers/Home.php(25): view('home', Array)
#4 /home/suryaelidanto/websitesd/websiteSDWithCodeIgniter4.git/websitesd/system/CodeIgniter.php(918): App\Controllers\Home->index()
#5 /home/suryaelidanto/websitesd/websiteSDWithCodeIgniter4.git/websitesd/system/CodeIgniter.php(404): CodeIgniter\CodeIgniter->runController(Object(App\Controllers\Home))
#6 /home/suryaelidanto/websitesd/websiteSDWithCodeIgniter4.git/websitesd/system/CodeIgniter.php(312): CodeIgniter\CodeIgniter->handleRequest(NULL, Object(Config\Cache), false)
#7 /home/suryaelidanto/websitesd/websiteSDWithCodeIgniter4.git/websitesd/public/index.php(44): CodeIgniter\CodeIgniter->run()
#8 /home/suryaelidanto/websitesd/websiteSDWithCodeIgniter4.git/websitesd/system/Commands/Server/rewrite.php(34): require_once('/home/suryaelid...')
#9 {main}
CRITICAL - 2020-11-18 00:28:37 --> Array to string conversion
#0 /home/suryaelidanto/websitesd/websiteSDWithCodeIgniter4.git/websitesd/app/Views/home.php(163): CodeIgniter\Debug\Exceptions->errorHandler(8, 'Array to string...', '/home/suryaelid...', 163, Array)
#1 /home/suryaelidanto/websitesd/websiteSDWithCodeIgniter4.git/websitesd/system/View/View.php(246): include('/home/suryaelid...')
#2 /home/suryaelidanto/websitesd/websiteSDWithCodeIgniter4.git/websitesd/system/Common.php(1119): CodeIgniter\View\View->render('home', Array, true)
#3 /home/suryaelidanto/websitesd/websiteSDWithCodeIgniter4.git/websitesd/app/Controllers/Home.php(25): view('home', Array)
#4 /home/suryaelidanto/websitesd/websiteSDWithCodeIgniter4.git/websitesd/system/CodeIgniter.php(918): App\Controllers\Home->index()
#5 /home/suryaelidanto/websitesd/websiteSDWithCodeIgniter4.git/websitesd/system/CodeIgniter.php(404): CodeIgniter\CodeIgniter->runController(Object(App\Controllers\Home))
#6 /home/suryaelidanto/websitesd/websiteSDWithCodeIgniter4.git/websitesd/system/CodeIgniter.php(312): CodeIgniter\CodeIgniter->handleRequest(NULL, Object(Config\Cache), false)
#7 /home/suryaelidanto/websitesd/websiteSDWithCodeIgniter4.git/websitesd/public/index.php(44): CodeIgniter\CodeIgniter->run()
#8 /home/suryaelidanto/websitesd/websiteSDWithCodeIgniter4.git/websitesd/system/Commands/Server/rewrite.php(34): require_once('/home/suryaelid...')
#9 {main}
CRITICAL - 2020-11-18 00:29:40 --> Undefined index: channelTitle
#0 /home/suryaelidanto/websitesd/websiteSDWithCodeIgniter4.git/websitesd/app/Views/home.php(163): CodeIgniter\Debug\Exceptions->errorHandler(8, 'Undefined index...', '/home/suryaelid...', 163, Array)
#1 /home/suryaelidanto/websitesd/websiteSDWithCodeIgniter4.git/websitesd/system/View/View.php(246): include('/home/suryaelid...')
#2 /home/suryaelidanto/websitesd/websiteSDWithCodeIgniter4.git/websitesd/system/Common.php(1119): CodeIgniter\View\View->render('home', Array, true)
#3 /home/suryaelidanto/websitesd/websiteSDWithCodeIgniter4.git/websitesd/app/Controllers/Home.php(25): view('home', Array)
#4 /home/suryaelidanto/websitesd/websiteSDWithCodeIgniter4.git/websitesd/system/CodeIgniter.php(918): App\Controllers\Home->index()
#5 /home/suryaelidanto/websitesd/websiteSDWithCodeIgniter4.git/websitesd/system/CodeIgniter.php(404): CodeIgniter\CodeIgniter->runController(Object(App\Controllers\Home))
#6 /home/suryaelidanto/websitesd/websiteSDWithCodeIgniter4.git/websitesd/system/CodeIgniter.php(312): CodeIgniter\CodeIgniter->handleRequest(NULL, Object(Config\Cache), false)
#7 /home/suryaelidanto/websitesd/websiteSDWithCodeIgniter4.git/websitesd/public/index.php(44): CodeIgniter\CodeIgniter->run()
#8 /home/suryaelidanto/websitesd/websiteSDWithCodeIgniter4.git/websitesd/system/Commands/Server/rewrite.php(34): require_once('/home/suryaelid...')
#9 {main}
CRITICAL - 2020-11-18 00:35:02 --> A non well formed numeric value encountered
#0 [internal function]: CodeIgniter\Debug\Exceptions->errorHandler(8, 'A non well form...', '/home/suryaelid...', 163, Array)
#1 /home/suryaelidanto/websitesd/websiteSDWithCodeIgniter4.git/websitesd/app/Views/home.php(163): strtotime('D, d m Y', '2020-09-01')
#2 /home/suryaelidanto/websitesd/websiteSDWithCodeIgniter4.git/websitesd/system/View/View.php(246): include('/home/suryaelid...')
#3 /home/suryaelidanto/websitesd/websiteSDWithCodeIgniter4.git/websitesd/system/Common.php(1119): CodeIgniter\View\View->render('home', Array, true)
#4 /home/suryaelidanto/websitesd/websiteSDWithCodeIgniter4.git/websitesd/app/Controllers/Home.php(25): view('home', Array)
#5 /home/suryaelidanto/websitesd/websiteSDWithCodeIgniter4.git/websitesd/system/CodeIgniter.php(918): App\Controllers\Home->index()
#6 /home/suryaelidanto/websitesd/websiteSDWithCodeIgniter4.git/websitesd/system/CodeIgniter.php(404): CodeIgniter\CodeIgniter->runController(Object(App\Controllers\Home))
#7 /home/suryaelidanto/websitesd/websiteSDWithCodeIgniter4.git/websitesd/system/CodeIgniter.php(312): CodeIgniter\CodeIgniter->handleRequest(NULL, Object(Config\Cache), false)
#8 /home/suryaelidanto/websitesd/websiteSDWithCodeIgniter4.git/websitesd/public/index.php(44): CodeIgniter\CodeIgniter->run()
#9 /home/suryaelidanto/websitesd/websiteSDWithCodeIgniter4.git/websitesd/system/Commands/Server/rewrite.php(34): require_once('/home/suryaelid...')
#10 {main}
CRITICAL - 2020-11-18 00:35:58 --> A non well formed numeric value encountered
#0 [internal function]: CodeIgniter\Debug\Exceptions->errorHandler(8, 'A non well form...', '/home/suryaelid...', 163, Array)
#1 /home/suryaelidanto/websitesd/websiteSDWithCodeIgniter4.git/websitesd/app/Views/home.php(163): strtotime('D', '2020-09-01')
#2 /home/suryaelidanto/websitesd/websiteSDWithCodeIgniter4.git/websitesd/system/View/View.php(246): include('/home/suryaelid...')
#3 /home/suryaelidanto/websitesd/websiteSDWithCodeIgniter4.git/websitesd/system/Common.php(1119): CodeIgniter\View\View->render('home', Array, true)
#4 /home/suryaelidanto/websitesd/websiteSDWithCodeIgniter4.git/websitesd/app/Controllers/Home.php(25): view('home', Array)
#5 /home/suryaelidanto/websitesd/websiteSDWithCodeIgniter4.git/websitesd/system/CodeIgniter.php(918): App\Controllers\Home->index()
#6 /home/suryaelidanto/websitesd/websiteSDWithCodeIgniter4.git/websitesd/system/CodeIgniter.php(404): CodeIgniter\CodeIgniter->runController(Object(App\Controllers\Home))
#7 /home/suryaelidanto/websitesd/websiteSDWithCodeIgniter4.git/websitesd/system/CodeIgniter.php(312): CodeIgniter\CodeIgniter->handleRequest(NULL, Object(Config\Cache), false)
#8 /home/suryaelidanto/websitesd/websiteSDWithCodeIgniter4.git/websitesd/public/index.php(44): CodeIgniter\CodeIgniter->run()
#9 /home/suryaelidanto/websitesd/websiteSDWithCodeIgniter4.git/websitesd/system/Commands/Server/rewrite.php(34): require_once('/home/suryaelid...')
#10 {main}
CRITICAL - 2020-11-18 01:40:39 --> file_get_contents(https://www.googleapis.com/youtube/v3/search?part=snippet&amp;channelId=UCeJfiHw5K5kq3zDLJ-NR0jA&amp;maxResults=3&amp;order=date&amp;type=video&amp;key=AIzaSyDfUOi9xDZBJjW-dijNM66xhcd4GsioX8k): failed to open stream: HTTP request failed! HTTP/1.0 403 Forbidden

#0 [internal function]: CodeIgniter\Debug\Exceptions->errorHandler(2, 'file_get_conten...', '/home/suryaelid...', 21, Array)
#1 /home/suryaelidanto/websitesd/websiteSDWithCodeIgniter4.git/websitesd/app/Controllers/Home.php(21): file_get_contents('https://www.goo...')
#2 /home/suryaelidanto/websitesd/websiteSDWithCodeIgniter4.git/websitesd/system/CodeIgniter.php(918): App\Controllers\Home->index()
#3 /home/suryaelidanto/websitesd/websiteSDWithCodeIgniter4.git/websitesd/system/CodeIgniter.php(404): CodeIgniter\CodeIgniter->runController(Object(App\Controllers\Home))
#4 /home/suryaelidanto/websitesd/websiteSDWithCodeIgniter4.git/websitesd/system/CodeIgniter.php(312): CodeIgniter\CodeIgniter->handleRequest(NULL, Object(Config\Cache), false)
#5 /home/suryaelidanto/websitesd/websiteSDWithCodeIgniter4.git/websitesd/public/index.php(44): CodeIgniter\CodeIgniter->run()
#6 /home/suryaelidanto/websitesd/websiteSDWithCodeIgniter4.git/websitesd/system/Commands/Server/rewrite.php(34): require_once('/home/suryaelid...')
#7 {main}
CRITICAL - 2020-11-18 01:40:50 --> file_get_contents(https://www.googleapis.com/youtube/v3/search?part=snippet&amp;channelId=UCeJfiHw5K5kq3zDLJ-NR0jA&amp;maxResults=3&amp;order=date&amp;type=video&amp;key=AIzaSyDfUOi9xDZBJjW-dijNM66xhcd4GsioX8k): failed to open stream: HTTP request failed! HTTP/1.0 403 Forbidden

#0 [internal function]: CodeIgniter\Debug\Exceptions->errorHandler(2, 'file_get_conten...', '/home/suryaelid...', 21, Array)
#1 /home/suryaelidanto/websitesd/websiteSDWithCodeIgniter4.git/websitesd/app/Controllers/Home.php(21): file_get_contents('https://www.goo...')
#2 /home/suryaelidanto/websitesd/websiteSDWithCodeIgniter4.git/websitesd/system/CodeIgniter.php(918): App\Controllers\Home->index()
#3 /home/suryaelidanto/websitesd/websiteSDWithCodeIgniter4.git/websitesd/system/CodeIgniter.php(404): CodeIgniter\CodeIgniter->runController(Object(App\Controllers\Home))
#4 /home/suryaelidanto/websitesd/websiteSDWithCodeIgniter4.git/websitesd/system/CodeIgniter.php(312): CodeIgniter\CodeIgniter->handleRequest(NULL, Object(Config\Cache), false)
#5 /home/suryaelidanto/websitesd/websiteSDWithCodeIgniter4.git/websitesd/public/index.php(44): CodeIgniter\CodeIgniter->run()
#6 /home/suryaelidanto/websitesd/websiteSDWithCodeIgniter4.git/websitesd/system/Commands/Server/rewrite.php(34): require_once('/home/suryaelid...')
#7 {main}
CRITICAL - 2020-11-18 01:40:58 --> file_get_contents(https://www.googleapis.com/youtube/v3/search?part=snippet&amp;channelId=UCeJfiHw5K5kq3zDLJ-NR0jA&amp;maxResults=3&amp;order=date&amp;type=video&amp;key=AIzaSyDfUOi9xDZBJjW-dijNM66xhcd4GsioX8k): failed to open stream: HTTP request failed! HTTP/1.0 403 Forbidden

#0 [internal function]: CodeIgniter\Debug\Exceptions->errorHandler(2, 'file_get_conten...', '/home/suryaelid...', 21, Array)
#1 /home/suryaelidanto/websitesd/websiteSDWithCodeIgniter4.git/websitesd/app/Controllers/Home.php(21): file_get_contents('https://www.goo...')
#2 /home/suryaelidanto/websitesd/websiteSDWithCodeIgniter4.git/websitesd/system/CodeIgniter.php(918): App\Controllers\Home->index()
#3 /home/suryaelidanto/websitesd/websiteSDWithCodeIgniter4.git/websitesd/system/CodeIgniter.php(404): CodeIgniter\CodeIgniter->runController(Object(App\Controllers\Home))
#4 /home/suryaelidanto/websitesd/websiteSDWithCodeIgniter4.git/websitesd/system/CodeIgniter.php(312): CodeIgniter\CodeIgniter->handleRequest(NULL, Object(Config\Cache), false)
#5 /home/suryaelidanto/websitesd/websiteSDWithCodeIgniter4.git/websitesd/public/index.php(44): CodeIgniter\CodeIgniter->run()
#6 /home/suryaelidanto/websitesd/websiteSDWithCodeIgniter4.git/websitesd/system/Commands/Server/rewrite.php(34): require_once('/home/suryaelid...')
#7 {main}
CRITICAL - 2020-11-18 01:44:35 --> file_get_contents(https://www.googleapis.com/youtube/v3/search?part=snippet&amp;channelId=UCeJfiHw5K5kq3zDLJ-NR0jA&amp;maxResults=3&amp;order=date&amp;type=video&amp;key=AIzaSyDfUOi9xDZBJjW-dijNM66xhcd4GsioX8k): failed to open stream: HTTP request failed! HTTP/1.0 403 Forbidden

#0 [internal function]: CodeIgniter\Debug\Exceptions->errorHandler(2, 'file_get_conten...', '/home/suryaelid...', 22, Array)
#1 /home/suryaelidanto/websitesd/websiteSDWithCodeIgniter4.git/websitesd/app/Controllers/Home.php(22): file_get_contents('https://www.goo...')
#2 /home/suryaelidanto/websitesd/websiteSDWithCodeIgniter4.git/websitesd/system/CodeIgniter.php(918): App\Controllers\Home->index()
#3 /home/suryaelidanto/websitesd/websiteSDWithCodeIgniter4.git/websitesd/system/CodeIgniter.php(404): CodeIgniter\CodeIgniter->runController(Object(App\Controllers\Home))
#4 /home/suryaelidanto/websitesd/websiteSDWithCodeIgniter4.git/websitesd/system/CodeIgniter.php(312): CodeIgniter\CodeIgniter->handleRequest(NULL, Object(Config\Cache), false)
#5 /home/suryaelidanto/websitesd/websiteSDWithCodeIgniter4.git/websitesd/public/index.php(44): CodeIgniter\CodeIgniter->run()
#6 /home/suryaelidanto/websitesd/websiteSDWithCodeIgniter4.git/websitesd/system/Commands/Server/rewrite.php(34): require_once('/home/suryaelid...')
#7 {main}
CRITICAL - 2020-11-18 01:44:54 --> file_get_contents(https://www.googleapis.com/youtube/v3/search?part=snippet&amp;channelId=UCeJfiHw5K5kq3zDLJ-NR0jA&amp;maxResults=3&amp;order=date&amp;type=video&amp;key=AIzaSyDfUOi9xDZBJjW-dijNM66xhcd4GsioX8k): failed to open stream: HTTP request failed! HTTP/1.0 403 Forbidden

#0 [internal function]: CodeIgniter\Debug\Exceptions->errorHandler(2, 'file_get_conten...', '/home/suryaelid...', 22, Array)
#1 /home/suryaelidanto/websitesd/websiteSDWithCodeIgniter4.git/websitesd/app/Controllers/Home.php(22): file_get_contents('https://www.goo...')
#2 /home/suryaelidanto/websitesd/websiteSDWithCodeIgniter4.git/websitesd/system/CodeIgniter.php(918): App\Controllers\Home->index()
#3 /home/suryaelidanto/websitesd/websiteSDWithCodeIgniter4.git/websitesd/system/CodeIgniter.php(404): CodeIgniter\CodeIgniter->runController(Object(App\Controllers\Home))
#4 /home/suryaelidanto/websitesd/websiteSDWithCodeIgniter4.git/websitesd/system/CodeIgniter.php(312): CodeIgniter\CodeIgniter->handleRequest(NULL, Object(Config\Cache), false)
#5 /home/suryaelidanto/websitesd/websiteSDWithCodeIgniter4.git/websitesd/public/index.php(44): CodeIgniter\CodeIgniter->run()
#6 /home/suryaelidanto/websitesd/websiteSDWithCodeIgniter4.git/websitesd/system/Commands/Server/rewrite.php(34): require_once('/home/suryaelid...')
#7 {main}
CRITICAL - 2020-11-18 01:46:12 --> file_get_contents(https://www.googleapis.com/youtube/v3/search?part=snippet&amp;channelId=UCeJfiHw5K5kq3zDLJ-NR0jA&amp;maxResults=3&amp;order=date&amp;type=video&amp;key=AIzaSyAg57KPN5d5vGGKcYaBEHURoEFuhit4nno): failed to open stream: HTTP request failed! HTTP/1.0 403 Forbidden

#0 [internal function]: CodeIgniter\Debug\Exceptions->errorHandler(2, 'file_get_conten...', '/home/suryaelid...', 22, Array)
#1 /home/suryaelidanto/websitesd/websiteSDWithCodeIgniter4.git/websitesd/app/Controllers/Home.php(22): file_get_contents('https://www.goo...')
#2 /home/suryaelidanto/websitesd/websiteSDWithCodeIgniter4.git/websitesd/system/CodeIgniter.php(918): App\Controllers\Home->index()
#3 /home/suryaelidanto/websitesd/websiteSDWithCodeIgniter4.git/websitesd/system/CodeIgniter.php(404): CodeIgniter\CodeIgniter->runController(Object(App\Controllers\Home))
#4 /home/suryaelidanto/websitesd/websiteSDWithCodeIgniter4.git/websitesd/system/CodeIgniter.php(312): CodeIgniter\CodeIgniter->handleRequest(NULL, Object(Config\Cache), false)
#5 /home/suryaelidanto/websitesd/websiteSDWithCodeIgniter4.git/websitesd/public/index.php(44): CodeIgniter\CodeIgniter->run()
#6 /home/suryaelidanto/websitesd/websiteSDWithCodeIgniter4.git/websitesd/system/Commands/Server/rewrite.php(34): require_once('/home/suryaelid...')
#7 {main}
CRITICAL - 2020-11-18 01:46:27 --> file_get_contents(https://www.googleapis.com/youtube/v3/search?part=snippet&amp;channelId=UCeJfiHw5K5kq3zDLJ-NR0jA&amp;maxResults=3&amp;order=date&amp;type=video&amp;key=AIzaSyAg57KPN5d5vGGKcYaBEHURoEFuhit4nno): failed to open stream: HTTP request failed! HTTP/1.0 403 Forbidden

#0 [internal function]: CodeIgniter\Debug\Exceptions->errorHandler(2, 'file_get_conten...', '/home/suryaelid...', 22, Array)
#1 /home/suryaelidanto/websitesd/websiteSDWithCodeIgniter4.git/websitesd/app/Controllers/Home.php(22): file_get_contents('https://www.goo...')
#2 /home/suryaelidanto/websitesd/websiteSDWithCodeIgniter4.git/websitesd/system/CodeIgniter.php(918): App\Controllers\Home->index()
#3 /home/suryaelidanto/websitesd/websiteSDWithCodeIgniter4.git/websitesd/system/CodeIgniter.php(404): CodeIgniter\CodeIgniter->runController(Object(App\Controllers\Home))
#4 /home/suryaelidanto/websitesd/websiteSDWithCodeIgniter4.git/websitesd/system/CodeIgniter.php(312): CodeIgniter\CodeIgniter->handleRequest(NULL, Object(Config\Cache), false)
#5 /home/suryaelidanto/websitesd/websiteSDWithCodeIgniter4.git/websitesd/public/index.php(44): CodeIgniter\CodeIgniter->run()
#6 /home/suryaelidanto/websitesd/websiteSDWithCodeIgniter4.git/websitesd/system/Commands/Server/rewrite.php(34): require_once('/home/suryaelid...')
#7 {main}
CRITICAL - 2020-11-18 01:48:19 --> file_get_contents(https://www.googleapis.com/youtube/v3/search?part=snippet&amp;channelId=UCeJfiHw5K5kq3zDLJ-NR0jA&amp;maxResults=3&amp;order=date&amp;type=video&amp;key=AIzaSyAg57KPN5d5vGGKcYaBEHURoEFuhit4nno): failed to open stream: HTTP request failed! HTTP/1.0 403 Forbidden

#0 [internal function]: CodeIgniter\Debug\Exceptions->errorHandler(2, 'file_get_conten...', '/home/suryaelid...', 27, Array)
#1 /home/suryaelidanto/websitesd/websiteSDWithCodeIgniter4.git/websitesd/app/Controllers/Home.php(27): file_get_contents('https://www.goo...')
#2 /home/suryaelidanto/websitesd/websiteSDWithCodeIgniter4.git/websitesd/system/CodeIgniter.php(918): App\Controllers\Home->index()
#3 /home/suryaelidanto/websitesd/websiteSDWithCodeIgniter4.git/websitesd/system/CodeIgniter.php(404): CodeIgniter\CodeIgniter->runController(Object(App\Controllers\Home))
#4 /home/suryaelidanto/websitesd/websiteSDWithCodeIgniter4.git/websitesd/system/CodeIgniter.php(312): CodeIgniter\CodeIgniter->handleRequest(NULL, Object(Config\Cache), false)
#5 /home/suryaelidanto/websitesd/websiteSDWithCodeIgniter4.git/websitesd/public/index.php(44): CodeIgniter\CodeIgniter->run()
#6 /home/suryaelidanto/websitesd/websiteSDWithCodeIgniter4.git/websitesd/system/Commands/Server/rewrite.php(34): require_once('/home/suryaelid...')
#7 {main}
CRITICAL - 2020-11-18 05:27:22 --> Cannot redeclare App\Controllers\Home::index()
#0 [internal function]: CodeIgniter\Debug\Exceptions->shutdownHandler()
#1 {main}
CRITICAL - 2020-11-18 07:51:15 --> Undefined index: galeri
#0 /home/suryaelidanto/websitesd/websiteSDWithCodeIgniter4.git/websitesd/app/Controllers/Home.php(20): CodeIgniter\Debug\Exceptions->errorHandler(8, 'Undefined index...', '/home/suryaelid...', 20, Array)
#1 /home/suryaelidanto/websitesd/websiteSDWithCodeIgniter4.git/websitesd/system/CodeIgniter.php(918): App\Controllers\Home->index()
#2 /home/suryaelidanto/websitesd/websiteSDWithCodeIgniter4.git/websitesd/system/CodeIgniter.php(404): CodeIgniter\CodeIgniter->runController(Object(App\Controllers\Home))
#3 /home/suryaelidanto/websitesd/websiteSDWithCodeIgniter4.git/websitesd/system/CodeIgniter.php(312): CodeIgniter\CodeIgniter->handleRequest(NULL, Object(Config\Cache), false)
#4 /home/suryaelidanto/websitesd/websiteSDWithCodeIgniter4.git/websitesd/public/index.php(44): CodeIgniter\CodeIgniter->run()
#5 /home/suryaelidanto/websitesd/websiteSDWithCodeIgniter4.git/websitesd/system/Commands/Server/rewrite.php(34): require_once('/home/suryaelid...')
#6 {main}
CRITICAL - 2020-11-18 08:04:18 --> Undefined variable: galerifoto
#0 /home/suryaelidanto/websitesd/websiteSDWithCodeIgniter4.git/websitesd/app/Views/galerifoto.php(29): CodeIgniter\Debug\Exceptions->errorHandler(8, 'Undefined varia...', '/home/suryaelid...', 29, Array)
#1 /home/suryaelidanto/websitesd/websiteSDWithCodeIgniter4.git/websitesd/system/View/View.php(246): include('/home/suryaelid...')
#2 /home/suryaelidanto/websitesd/websiteSDWithCodeIgniter4.git/websitesd/system/Common.php(1119): CodeIgniter\View\View->render('galerifoto', Array, true)
#3 /home/suryaelidanto/websitesd/websiteSDWithCodeIgniter4.git/websitesd/app/Controllers/Home.php(48): view('galerifoto', Array)
#4 /home/suryaelidanto/websitesd/websiteSDWithCodeIgniter4.git/websitesd/system/CodeIgniter.php(918): App\Controllers\Home->galerifoto()
#5 /home/suryaelidanto/websitesd/websiteSDWithCodeIgniter4.git/websitesd/system/CodeIgniter.php(404): CodeIgniter\CodeIgniter->runController(Object(App\Controllers\Home))
#6 /home/suryaelidanto/websitesd/websiteSDWithCodeIgniter4.git/websitesd/system/CodeIgniter.php(312): CodeIgniter\CodeIgniter->handleRequest(NULL, Object(Config\Cache), false)
#7 /home/suryaelidanto/websitesd/websiteSDWithCodeIgniter4.git/websitesd/public/index.php(44): CodeIgniter\CodeIgniter->run()
#8 /home/suryaelidanto/websitesd/websiteSDWithCodeIgniter4.git/websitesd/system/Commands/Server/rewrite.php(34): require_once('/home/suryaelid...')
#9 {main}
CRITICAL - 2020-11-18 08:07:48 --> Undefined index: judul_acara
#0 /home/suryaelidanto/websitesd/websiteSDWithCodeIgniter4.git/websitesd/app/Views/galerifoto.php(37): CodeIgniter\Debug\Exceptions->errorHandler(8, 'Undefined index...', '/home/suryaelid...', 37, Array)
#1 /home/suryaelidanto/websitesd/websiteSDWithCodeIgniter4.git/websitesd/system/View/View.php(246): include('/home/suryaelid...')
#2 /home/suryaelidanto/websitesd/websiteSDWithCodeIgniter4.git/websitesd/system/Common.php(1119): CodeIgniter\View\View->render('galerifoto', Array, true)
#3 /home/suryaelidanto/websitesd/websiteSDWithCodeIgniter4.git/websitesd/app/Controllers/Home.php(48): view('galerifoto', Array)
#4 /home/suryaelidanto/websitesd/websiteSDWithCodeIgniter4.git/websitesd/system/CodeIgniter.php(918): App\Controllers\Home->galerifoto()
#5 /home/suryaelidanto/websitesd/websiteSDWithCodeIgniter4.git/websitesd/system/CodeIgniter.php(404): CodeIgniter\CodeIgniter->runController(Object(App\Controllers\Home))
#6 /home/suryaelidanto/websitesd/websiteSDWithCodeIgniter4.git/websitesd/system/CodeIgniter.php(312): CodeIgniter\CodeIgniter->handleRequest(NULL, Object(Config\Cache), false)
#7 /home/suryaelidanto/websitesd/websiteSDWithCodeIgniter4.git/websitesd/public/index.php(44): CodeIgniter\CodeIgniter->run()
#8 /home/suryaelidanto/websitesd/websiteSDWithCodeIgniter4.git/websitesd/system/Commands/Server/rewrite.php(34): require_once('/home/suryaelid...')
#9 {main}
CRITICAL - 2020-11-18 08:10:20 --> Undefined variable: b
#0 /home/suryaelidanto/websitesd/websiteSDWithCodeIgniter4.git/websitesd/app/Views/galerifoto.php(38): CodeIgniter\Debug\Exceptions->errorHandler(8, 'Undefined varia...', '/home/suryaelid...', 38, Array)
#1 /home/suryaelidanto/websitesd/websiteSDWithCodeIgniter4.git/websitesd/system/View/View.php(246): include('/home/suryaelid...')
#2 /home/suryaelidanto/websitesd/websiteSDWithCodeIgniter4.git/websitesd/system/Common.php(1119): CodeIgniter\View\View->render('galerifoto', Array, true)
#3 /home/suryaelidanto/websitesd/websiteSDWithCodeIgniter4.git/websitesd/app/Controllers/Home.php(48): view('galerifoto', Array)
#4 /home/suryaelidanto/websitesd/websiteSDWithCodeIgniter4.git/websitesd/system/CodeIgniter.php(918): App\Controllers\Home->galerifoto()
#5 /home/suryaelidanto/websitesd/websiteSDWithCodeIgniter4.git/websitesd/system/CodeIgniter.php(404): CodeIgniter\CodeIgniter->runController(Object(App\Controllers\Home))
#6 /home/suryaelidanto/websitesd/websiteSDWithCodeIgniter4.git/websitesd/system/CodeIgniter.php(312): CodeIgniter\CodeIgniter->handleRequest(NULL, Object(Config\Cache), false)
#7 /home/suryaelidanto/websitesd/websiteSDWithCodeIgniter4.git/websitesd/public/index.php(44): CodeIgniter\CodeIgniter->run()
#8 /home/suryaelidanto/websitesd/websiteSDWithCodeIgniter4.git/websitesd/system/Commands/Server/rewrite.php(34): require_once('/home/suryaelid...')
#9 {main}
CRITICAL - 2020-11-18 08:42:33 --> file_get_contents(https://www.googleapis.com/youtube/v3/search?part=snippet&amp;channelId=UCeJfiHw5K5kq3zDLJ-NR0jA&amp;maxResults=3&amp;order=date&amp;type=video&amp;key=AIzaSyAg57KPN5d5vGGKcYaBEHURoEFuhit4nno): failed to open stream: HTTP request failed! HTTP/1.0 403 Forbidden

#0 [internal function]: CodeIgniter\Debug\Exceptions->errorHandler(2, 'file_get_conten...', '/home/suryaelid...', 27, Array)
#1 /home/suryaelidanto/websitesd/websiteSDWithCodeIgniter4.git/websitesd/app/Controllers/Home.php(27): file_get_contents('https://www.goo...')
#2 /home/suryaelidanto/websitesd/websiteSDWithCodeIgniter4.git/websitesd/system/CodeIgniter.php(918): App\Controllers\Home->index()
#3 /home/suryaelidanto/websitesd/websiteSDWithCodeIgniter4.git/websitesd/system/CodeIgniter.php(404): CodeIgniter\CodeIgniter->runController(Object(App\Controllers\Home))
#4 /home/suryaelidanto/websitesd/websiteSDWithCodeIgniter4.git/websitesd/system/CodeIgniter.php(312): CodeIgniter\CodeIgniter->handleRequest(NULL, Object(Config\Cache), false)
#5 /home/suryaelidanto/websitesd/websiteSDWithCodeIgniter4.git/websitesd/public/index.php(44): CodeIgniter\CodeIgniter->run()
#6 /home/suryaelidanto/websitesd/websiteSDWithCodeIgniter4.git/websitesd/system/Commands/Server/rewrite.php(34): require_once('/home/suryaelid...')
#7 {main}
